# JRE version: OpenJDK Runtime Environment (11.0.13) (build 11.0.13+0-b1751.21-8125866)
# Java VM: OpenJDK 64-Bit Server VM (11.0.13+0-b1751.21-8125866, mixed mode, tiered, compressed oops, g1 gc, windows-amd64)
Heap:
 garbage-first heap   total 253952K, used 179405K [0x00000000a0000000, 0x0000000100000000)
  region size 1024K, 56 young (57344K), 2 survivors (2048K)
 Metaspace       used 98266K, capacity 101691K, committed 102004K, reserved 1138688K
  class space    used 12455K, capacity 13599K, committed 13696K, reserved 1048576K
GC Heap History (20 events):
Event: 8.166 GC heap before
{Heap before GC invocations=6 (full 0):
 garbage-first heap   total 253952K, used 141918K [0x00000000a0000000, 0x0000000100000000)
  region size 1024K, 120 young (122880K), 6 survivors (6144K)
 Metaspace       used 44293K, capacity 45325K, committed 45520K, reserved 1089536K
  class space    used 5528K, capacity 5941K, committed 6016K, reserved 1048576K
}
Event: 8.174 GC heap after
{Heap after GC invocations=7 (full 0):
 garbage-first heap   total 253952K, used 29863K [0x00000000a0000000, 0x0000000100000000)
  region size 1024K, 13 young (13312K), 13 survivors (13312K)
 Metaspace       used 44293K, capacity 45325K, committed 45520K, reserved 1089536K
  class space    used 5528K, capacity 5941K, committed 6016K, reserved 1048576K
}
Event: 12.994 GC heap before
{Heap before GC invocations=7 (full 0):
 garbage-first heap   total 253952K, used 173223K [0x00000000a0000000, 0x0000000100000000)
  region size 1024K, 145 young (148480K), 13 survivors (13312K)
 Metaspace       used 51130K, capacity 52588K, committed 52688K, reserved 1095680K
  class space    used 6402K, capacity 6947K, committed 7040K, reserved 1048576K
}
Event: 13.005 GC heap after
{Heap after GC invocations=8 (full 0):
 garbage-first heap   total 253952K, used 49678K [0x00000000a0000000, 0x0000000100000000)
  region size 1024K, 19 young (19456K), 19 survivors (19456K)
 Metaspace       used 51130K, capacity 52588K, committed 52688K, reserved 1095680K
  class space    used 6402K, capacity 6947K, committed 7040K, reserved 1048576K
}
Event: 13.683 GC heap before
{Heap before GC invocations=8 (full 0):
 garbage-first heap   total 253952K, used 108046K [0x00000000a0000000, 0x0000000100000000)
  region size 1024K, 77 young (78848K), 19 survivors (19456K)
 Metaspace       used 58534K, capacity 60087K, committed 60240K, reserved 1101824K
  class space    used 7271K, capacity 7821K, committed 7936K, reserved 1048576K
}
Event: 13.702 GC heap after
{Heap after GC invocations=9 (full 0):
 garbage-first heap   total 253952K, used 52953K [0x00000000a0000000, 0x0000000100000000)
  region size 1024K, 4 young (4096K), 4 survivors (4096K)
 Metaspace       used 58534K, capacity 60087K, committed 60240K, reserved 1101824K
  class space    used 7271K, capacity 7821K, committed 7936K, reserved 1048576K
}
Event: 15.439 GC heap before
{Heap before GC invocations=10 (full 0):
 garbage-first heap   total 253952K, used 185049K [0x00000000a0000000, 0x0000000100000000)
  region size 1024K, 133 young (136192K), 4 survivors (4096K)
 Metaspace       used 68688K, capacity 70401K, committed 70736K, reserved 1112064K
  class space    used 8531K, capacity 9126K, committed 9216K, reserved 1048576K
}
Event: 15.445 GC heap after
{Heap after GC invocations=11 (full 0):
 garbage-first heap   total 253952K, used 59269K [0x00000000a0000000, 0x0000000100000000)
  region size 1024K, 10 young (10240K), 10 survivors (10240K)
 Metaspace       used 68688K, capacity 70401K, committed 70736K, reserved 1112064K
  class space    used 8531K, capacity 9126K, committed 9216K, reserved 1048576K
}
Event: 17.386 GC heap before
{Heap before GC invocations=11 (full 0):
 garbage-first heap   total 253952K, used 192389K [0x00000000a0000000, 0x0000000100000000)
  region size 1024K, 138 young (141312K), 10 survivors (10240K)
 Metaspace       used 73535K, capacity 75606K, committed 75728K, reserved 1116160K
  class space    used 9284K, capacity 10007K, committed 10112K, reserved 1048576K
}
Event: 17.395 GC heap after
{Heap after GC invocations=12 (full 0):
 garbage-first heap   total 253952K, used 73076K [0x00000000a0000000, 0x0000000100000000)
  region size 1024K, 18 young (18432K), 18 survivors (18432K)
 Metaspace       used 73535K, capacity 75606K, committed 75728K, reserved 1116160K
  class space    used 9284K, capacity 10007K, committed 10112K, reserved 1048576K
}
Event: 19.392 GC heap before
{Heap before GC invocations=12 (full 0):
 garbage-first heap   total 253952K, used 196980K [0x00000000a0000000, 0x0000000100000000)
  region size 1024K, 137 young (140288K), 18 survivors (18432K)
 Metaspace       used 79492K, capacity 81888K, committed 82128K, reserved 1120256K
  class space    used 10164K, capacity 11012K, committed 11136K, reserved 1048576K
}
Event: 19.404 GC heap after
{Heap after GC invocations=13 (full 0):
 garbage-first heap   total 253952K, used 88497K [0x00000000a0000000, 0x0000000100000000)
  region size 1024K, 13 young (13312K), 13 survivors (13312K)
 Metaspace       used 79492K, capacity 81888K, committed 82128K, reserved 1120256K
  class space    used 10164K, capacity 11012K, committed 11136K, reserved 1048576K
}
Event: 23.252 GC heap before
{Heap before GC invocations=13 (full 0):
 garbage-first heap   total 253952K, used 201137K [0x00000000a0000000, 0x0000000100000000)
  region size 1024K, 121 young (123904K), 13 survivors (13312K)
 Metaspace       used 83848K, capacity 86774K, committed 86864K, reserved 1124352K
  class space    used 10785K, capacity 11750K, committed 11776K, reserved 1048576K
}
Event: 23.263 GC heap after
{Heap after GC invocations=14 (full 0):
 garbage-first heap   total 253952K, used 106675K [0x00000000a0000000, 0x0000000100000000)
  region size 1024K, 16 young (16384K), 16 survivors (16384K)
 Metaspace       used 83848K, capacity 86774K, committed 86864K, reserved 1124352K
  class space    used 10785K, capacity 11750K, committed 11776K, reserved 1048576K
}
Event: 24.084 GC heap before
{Heap before GC invocations=14 (full 0):
 garbage-first heap   total 253952K, used 197811K [0x00000000a0000000, 0x0000000100000000)
  region size 1024K, 105 young (107520K), 16 survivors (16384K)
 Metaspace       used 89903K, capacity 93048K, committed 93136K, reserved 1130496K
  class space    used 11576K, capacity 12638K, committed 12672K, reserved 1048576K
}
Event: 24.094 GC heap after
{Heap after GC invocations=15 (full 0):
 garbage-first heap   total 253952K, used 117408K [0x00000000a0000000, 0x0000000100000000)
  region size 1024K, 11 young (11264K), 11 survivors (11264K)
 Metaspace       used 89903K, capacity 93048K, committed 93136K, reserved 1130496K
  class space    used 11576K, capacity 12638K, committed 12672K, reserved 1048576K
}
Event: 28.228 GC heap before
{Heap before GC invocations=15 (full 0):
 garbage-first heap   total 253952K, used 199328K [0x00000000a0000000, 0x0000000100000000)
  region size 1024K, 91 young (93184K), 11 survivors (11264K)
 Metaspace       used 94078K, capacity 97466K, committed 97616K, reserved 1134592K
  class space    used 12130K, capacity 13299K, committed 13312K, reserved 1048576K
}
Event: 28.237 GC heap after
{Heap after GC invocations=16 (full 0):
 garbage-first heap   total 253952K, used 126122K [0x00000000a0000000, 0x0000000100000000)
  region size 1024K, 9 young (9216K), 9 survivors (9216K)
 Metaspace       used 94078K, capacity 97466K, committed 97616K, reserved 1134592K
  class space    used 12130K, capacity 13299K, committed 13312K, reserved 1048576K
}
Event: 28.389 GC heap before
{Heap before GC invocations=16 (full 0):
 garbage-first heap   total 253952K, used 149674K [0x00000000a0000000, 0x0000000100000000)
  region size 1024K, 34 young (34816K), 9 survivors (9216K)
 Metaspace       used 97203K, capacity 100675K, committed 100816K, reserved 1136640K
  class space    used 12421K, capacity 13594K, committed 13696K, reserved 1048576K
}
Event: 28.394 GC heap after
{Heap after GC invocations=17 (full 0):
 garbage-first heap   total 253952K, used 126157K [0x00000000a0000000, 0x0000000100000000)
  region size 1024K, 2 young (2048K), 2 survivors (2048K)
 Metaspace       used 97203K, capacity 100675K, committed 100816K, reserved 1136640K
  class space    used 12421K, capacity 13594K, committed 13696K, reserved 1048576K
}

